[
  {
    "level": "INFO",
    "message": "android.ndkVersion from module build.gradle is [not set]"
  },
  {
    "level": "INFO",
    "message": "android.ndkPath from module build.gradle is D:\\development\\android\\android-sdk-windows\\ndk\\21.3.6528147"
  },
  {
    "level": "INFO",
    "message": "ndk.dir in local.properties is not set"
  },
  {
    "level": "INFO",
    "message": "Not considering ANDROID_NDK_HOME because support was removed after deprecation period."
  },
  {
    "level": "INFO",
    "message": "sdkFolder is D:\\SDK"
  },
  {
    "level": "INFO",
    "message": "Because no explicit NDK was requested, the default version [21.1.6352462] for this Android Gradle Plugin will be used"
  },
  {
    "level": "INFO",
    "message": "Folder D:\\development\\android\\android-sdk-windows\\ndk\\21.3.6528147 does not exist. Ignoring."
  },
  {
    "level": "ERROR",
    "message": "Location specified by android.ndkPath (D:\\development\\android\\android-sdk-windows\\ndk\\21.3.6528147) did not contain a valid NDK and couldn\u0027t be used"
  }
]